<?xml version="1.0" encoding="UTF-8"?>
<!-- Generated by org.testng.reporters.JUnitReportReporter -->
<testsuite hostname="DESKTOP-QA3UR44" failures="0" tests="6" name="comapnyAdminTest.MasterTestCases" time="510.955" errors="0" timestamp="03 Oct 2023 17:21:46 GMT" skipped="0">
  <testcase classname="comapnyAdminTest.MasterTestCases" name="ContractorMasterMultipleFilter1" time="73.741"/>
  <testcase classname="comapnyAdminTest.MasterTestCases" name="AddNewComplianceFilter1" time="82.260"/>
  <testcase classname="comapnyAdminTest.MasterTestCases" name="ASMultipleFilter1" time="74.218"/>
  <testcase classname="comapnyAdminTest.MasterTestCases" name="AAMultipleFilter1" time="78.705"/>
  <testcase classname="comapnyAdminTest.MasterTestCases" name="ReportMultipleFilter1" time="131.433"/>
  <testcase classname="comapnyAdminTest.MasterTestCases" name="UploadEntityAcceptDiffrentSubEntityTypeField1" time="70.598"/>
</testsuite> <!-- comapnyAdminTest.MasterTestCases -->
