<?xml version="1.0" encoding="UTF-8"?>
<!-- Generated by org.testng.reporters.JUnitReportReporter -->
<testsuite hostname="TRPL-PUN-0125" failures="0" tests="5" name="auditIFCTest.Assessor1TestCritical" time="508.701" errors="0" timestamp="2023-12-19T22:11:42 IST" skipped="0">
  <testcase classname="auditIFCTest.Assessor1TestCritical" name="OpenAudit1" time="54.264"/>
  <system-out/>
  <testcase classname="auditIFCTest.Assessor1TestCritical" name="ClosedAudit1" time="58.685"/>
  <system-out/>
  <testcase classname="auditIFCTest.Assessor1TestCritical" name="OpenAuditviewstatus1" time="233.560"/>
  <system-out/>
  <testcase classname="auditIFCTest.Assessor1TestCritical" name="MyDocument1" time="73.816"/>
  <system-out/>
  <testcase classname="auditIFCTest.Assessor1TestCritical" name="MyReport1" time="88.376"/>
  <system-out/>
</testsuite> <!-- auditIFCTest.Assessor1TestCritical -->
