<?xml version="1.0" encoding="UTF-8"?>
<!-- Generated by org.testng.reporters.JUnitReportReporter -->
<testsuite hostname="DESKTOP-QA3UR44" failures="0" tests="5" name="comapnyAdminTest.ProjectDirectorTestCases" time="1157.365" errors="0" timestamp="26 Sept 2023 16:56:33 GMT" skipped="0">
  <testcase classname="comapnyAdminTest.ProjectDirectorTestCases" name="ProjectsCountGridCount1" time="115.697"/>
  <testcase classname="comapnyAdminTest.ProjectDirectorTestCases" name="ContractorsCountGridCount1" time="478.545"/>
  <testcase classname="comapnyAdminTest.ProjectDirectorTestCases" name="ACSOverdueMultipleFilter1" time="216.875"/>
  <testcase classname="comapnyAdminTest.ProjectDirectorTestCases" name="DocumentTabMultipleFilter1" time="130.796"/>
  <testcase classname="comapnyAdminTest.ProjectDirectorTestCases" name="ReportMultipleFilter1" time="215.452"/>
</testsuite> <!-- comapnyAdminTest.ProjectDirectorTestCases -->
