<?xml version="1.0" encoding="UTF-8"?>
<!-- Generated by org.testng.reporters.JUnitReportReporter -->
<testsuite hostname="DESKTOP-QA3UR44" failures="0" tests="1" name="comapnyAdminTest.AuditorTestCases" time="321.399" errors="0" timestamp="21 Sept 2023 13:02:14 GMT" skipped="0">
  <testcase classname="comapnyAdminTest.AuditorTestCases" name="ReportMultipleFilter1" time="321.399"/>
</testsuite> <!-- comapnyAdminTest.AuditorTestCases -->
