<?xml version="1.0" encoding="UTF-8"?>
<!-- Generated by org.testng.reporters.JUnitReportReporter -->
<testsuite hostname="TRPL-PUN-0125" failures="0" tests="1" name="auditIFCTest.Assessor1testCases" time="242.367" errors="0" timestamp="2023-12-26T17:17:56 IST" skipped="0">
  <testcase classname="auditIFCTest.Assessor1testCases" name="OpenAuditviewstatus1" time="242.367"/>
  <system-out/>
</testsuite> <!-- auditIFCTest.Assessor1testCases -->
