<?xml version="1.0" encoding="UTF-8"?>
<!-- Generated by org.testng.reporters.JUnitReportReporter -->
<testsuite hostname="TRPL-PUN-0125" failures="0" tests="1" name="auditIFCTest.DepartmentHeadTestCases" time="182.479" errors="0" timestamp="2024-03-18T18:36:54 IST" skipped="0">
  <testcase classname="auditIFCTest.DepartmentHeadTestCases" name="AuditTrackerPlannedFilter1" time="182.479"/>
  <system-out/>
</testsuite> <!-- auditIFCTest.DepartmentHeadTestCases -->
