<?xml version="1.0" encoding="UTF-8"?>
<!-- Generated by org.testng.reporters.JUnitReportReporter -->
<testsuite hostname="TRPL-PUN-0125" failures="0" tests="1" name="auditIFCTest.Assessor2testCases" time="107.336" errors="0" timestamp="2023-12-22T18:17:26 IST" skipped="0">
  <testcase classname="auditIFCTest.Assessor2testCases" name="ClosedAudit1" time="107.336"/>
  <system-out/>
</testsuite> <!-- auditIFCTest.Assessor2testCases -->
