<?xml version="1.0" encoding="UTF-8"?>
<!-- Generated by org.testng.reporters.JUnitReportReporter -->
<testsuite hostname="TRPL-PUN-0125" failures="0" tests="8" name="auditIFCTest.PerformerIFCCriticaltestCases" time="1041.818" errors="0" timestamp="2023-12-13T20:11:33 IST" skipped="0">
  <testcase classname="auditIFCTest.PerformerIFCCriticaltestCases" name="DashboardCountGridCount1" time="123.290"/>
  <system-out/>
  <testcase classname="auditIFCTest.PerformerIFCCriticaltestCases" name="ClosedAuditDashboardCountGridCount1" time="117.003"/>
  <system-out/>
  <testcase classname="auditIFCTest.PerformerIFCCriticaltestCases" name="OpenCountTODAndTOE1" time="210.138"/>
  <system-out/>
  <testcase classname="auditIFCTest.PerformerIFCCriticaltestCases" name="FailedControlsDue1" time="97.706"/>
  <system-out/>
  <testcase classname="auditIFCTest.PerformerIFCCriticaltestCases" name="FailedControlsDueRiskControl1" time="152.525"/>
  <system-out/>
  <testcase classname="auditIFCTest.PerformerIFCCriticaltestCases" name="FailedControlsNotDue1" time="102.098"/>
  <system-out/>
  <testcase classname="auditIFCTest.PerformerIFCCriticaltestCases" name="MyDocument1" time="100.797"/>
  <system-out/>
  <testcase classname="auditIFCTest.PerformerIFCCriticaltestCases" name="MyReport1" time="138.261"/>
  <system-out/>
</testsuite> <!-- auditIFCTest.PerformerIFCCriticaltestCases -->
