<?xml version="1.0" encoding="UTF-8"?>
<!-- Generated by org.testng.reporters.JUnitReportReporter -->
<testsuite hostname="TRPL-PUN-0125" failures="0" tests="7" name="auditIFCTest.ReviewerIFCCriticaltestcases" time="768.412" errors="0" timestamp="2023-12-13T20:35:05 IST" skipped="0">
  <testcase classname="auditIFCTest.ReviewerIFCCriticaltestcases" name="DashboardCountGridCount1" time="99.043"/>
  <system-out/>
  <testcase classname="auditIFCTest.ReviewerIFCCriticaltestcases" name="ClosedCount1" time="77.486"/>
  <system-out/>
  <testcase classname="auditIFCTest.ReviewerIFCCriticaltestcases" name="FailedControlDueCount1" time="67.054"/>
  <system-out/>
  <testcase classname="auditIFCTest.ReviewerIFCCriticaltestcases" name="FailedControlNotDueCount1" time="103.699"/>
  <system-out/>
  <testcase classname="auditIFCTest.ReviewerIFCCriticaltestcases" name="OpenCountSubmitted1" time="270.635"/>
  <system-out/>
  <testcase classname="auditIFCTest.ReviewerIFCCriticaltestcases" name="MyDocument1" time="68.023"/>
  <system-out/>
  <testcase classname="auditIFCTest.ReviewerIFCCriticaltestcases" name="MyReport1" time="82.472"/>
  <system-out/>
</testsuite> <!-- auditIFCTest.ReviewerIFCCriticaltestcases -->
