<?xml version="1.0" encoding="UTF-8"?>
<!-- Generated by org.testng.reporters.JUnitReportReporter -->
<testsuite hostname="DESKTOP-QA3UR44" failures="0" tests="4" name="comapnyAdminTest.ManagementTestCases" time="723.237" errors="0" timestamp="05 Oct 2023 03:40:19 GMT" skipped="0">
  <testcase classname="comapnyAdminTest.ManagementTestCases" name="NotCompliedGraphMultipleFilterMedium1" time="145.675"/>
  <testcase classname="comapnyAdminTest.ManagementTestCases" name="CTWAuditStatusSummeryOverdueCountMatch1" time="186.124"/>
  <testcase classname="comapnyAdminTest.ManagementTestCases" name="CTWAuditStatusSummeryPendingReviewCountMatch1" time="117.397"/>
  <testcase classname="comapnyAdminTest.ManagementTestCases" name="PWAuditStatusSummeryABCConstructionOverdue1CountMatch1" time="274.041"/>
</testsuite> <!-- comapnyAdminTest.ManagementTestCases -->
