<?xml version="1.0" encoding="UTF-8"?>
<!-- Generated by org.testng.reporters.JUnitReportReporter -->
<testsuite hostname="TRPL-PUN-0125" failures="0" tests="1" name="auditIFCTest.AuditIFCtestCases" time="205.597" errors="0" timestamp="2023-12-19T14:23:29 IST" skipped="0">
  <testcase classname="auditIFCTest.AuditIFCtestCases" name="AuditorsTeamMasterWithoutEnterParticularData1" time="205.597"/>
  <system-out/>
</testsuite> <!-- auditIFCTest.AuditIFCtestCases -->
