<?xml version="1.0" encoding="UTF-8"?>
<!-- Generated by org.testng.reporters.JUnitReportReporter -->
<testsuite hostname="TRPL-PUN-0125" failures="0" tests="1" name="auditIFCTest.Assessor3testCases" time="65.320" errors="0" timestamp="2023-12-22T17:30:39 IST" skipped="0">
  <testcase classname="auditIFCTest.Assessor3testCases" name="ClosedAudit1" time="65.320"/>
  <system-out/>
</testsuite> <!-- auditIFCTest.Assessor3testCases -->
