<?xml version="1.0" encoding="UTF-8"?>
<!-- Generated by org.testng.reporters.JUnitReportReporter -->
<testsuite hostname="DESKTOP-QA3UR44" failures="0" tests="4" name="comapnyAdminTest.ProjectHeadTestCases" time="1262.464" errors="0" timestamp="27 Sept 2023 18:41:11 GMT" skipped="0">
  <testcase classname="comapnyAdminTest.ProjectHeadTestCases" name="AuditCompletionStatusRed1" time="252.657"/>
  <testcase classname="comapnyAdminTest.ProjectHeadTestCases" name="NotApplicableGraphMultipleFilterHigh1" time="192.540"/>
  <testcase classname="comapnyAdminTest.ProjectHeadTestCases" name="CTWCompliedgreen1" time="352.376"/>
  <testcase classname="comapnyAdminTest.ProjectHeadTestCases" name="CTWCompliedgreen11" time="464.891"/>
</testsuite> <!-- comapnyAdminTest.ProjectHeadTestCases -->
