<?xml version="1.0" encoding="UTF-8"?>
<!-- Generated by org.testng.reporters.JUnitReportReporter -->
<testsuite hostname="TRPL-PUN-0125" failures="0" tests="1" name="auditIFCTest.IFCLogin" time="43.461" errors="0" timestamp="2023-12-20T14:01:01 IST" skipped="0">
  <testcase classname="auditIFCTest.IFCLogin" name="Login101" time="43.461"/>
  <system-out/>
</testsuite> <!-- auditIFCTest.IFCLogin -->
