<?xml version="1.0" encoding="UTF-8"?>
<!-- Generated by org.testng.reporters.JUnitReportReporter -->
<testsuite hostname="TRPL-PUN-0125" failures="0" tests="1" name="auditIFCTest.Assessor4testCases" time="75.251" errors="0" timestamp="2023-12-22T15:40:49 IST" skipped="0">
  <testcase classname="auditIFCTest.Assessor4testCases" name="OpenAuditWithoutEnterRemarkApproveButton1" time="75.251"/>
  <system-out/>
</testsuite> <!-- auditIFCTest.Assessor4testCases -->
